1737343058386	geckodriver	INFO	Listening on 127.0.0.1:62400
1737343061441	mozrunner::runner	INFO	Running command: "C:\\Program Files\\Mozilla Firefox\\firefox.exe" "--marionette" "--remote-debugging-port" "62401" "--remote-allow-hosts" "localhost" "-no-remote" "-profile" "C:\\Users\\duran\\AppData\\Local\\Temp\\rust_mozprofileR8ktWL"
1737343061988	Marionette	INFO	Marionette enabled
WebDriver BiDi listening on ws://localhost:62401
console.warn: SearchSettings: "get: No settings file exists, new profile?" (new NotFoundError("Could not open the file at C:\\Users\\duran\\AppData\\Local\\Temp\\rust_mozprofileR8ktWL\\search.json.mozlz4", (void 0)))
1737343064301	Marionette	INFO	Listening on port 62432
DevTools listening on ws://localhost:62401/devtools/browser/2e267eb1-d913-4f69-9547-5bf53d9ef82c
console.error: services.settings: 
  main/quicksuggest Signature failed  InvalidSignatureError: Invalid content signature (main/quicksuggest)
console.error: services.settings: 
  main/query-stripping Signature failed  InvalidSignatureError: Invalid content signature (main/query-stripping)
console.error: services.settings: 
  main/quicksuggest local data was corrupted
console.warn: services.settings: main/quicksuggest Signature verified failed. Retry from scratch
console.error: services.settings: 
  main/query-stripping local data was corrupted
console.warn: services.settings: main/query-stripping Signature verified failed. Retry from scratch
Read port: 62432
console.error: services.settings: 
  main/quicksuggest Signature failed again InvalidSignatureError: Invalid content signature (main/quicksuggest)
console.error: services.settings: 
  main/query-stripping Signature failed again InvalidSignatureError: Invalid content signature (main/query-stripping)
1737343064415	RemoteAgent	WARN	TLS certificate errors will be ignored for this session
1737343072187	Marionette	WARN	TimedPromise timed out after 500 ms: stacktrace:
TimedPromise/<@chrome://remote/content/marionette/sync.js:235:19
TimedPromise@chrome://remote/content/marionette/sync.js:220:10
interaction.flushEventLoop@chrome://remote/content/marionette/interaction.js:431:10
webdriverClickElement@chrome://remote/content/marionette/interaction.js:179:31
1737343074175	Marionette	INFO	Stopped listening on port 62432
[Parent 23032, IPC I/O Parent] WARNING: file /builds/worker/checkouts/gecko/ipc/chromium/src/base/process_util_win.cc:167

###!!! [Parent][PContentParent] Error: Send(msgname=PContent::Reply_DiscardBrowsingContext) Closed channel: cannot send/recv


###!!! [Parent][PContentParent] Error: Send(msgname=PContent::Reply_DiscardBrowsingContext) Closed channel: cannot send/recv


###!!! [Parent][PContentParent] Error: Send(msgname=PContent::Msg_DestroyBrowsingContextGroup) Closed channel: cannot send/recv

JavaScript error: resource://gre/modules/Sqlite.jsm, line 1105: Error: Sqlite.jsm has been shutdown. Cannot open connection to: C:\Users\duran\AppData\Local\Temp\rust_mozprofileR8ktWL\protections.sqlite

###!!! [Parent][PGPUParent] Error: RunMessage(msgname=PGPU::Msg_ShutdownVR) Channel closing: too late to send/recv, messages will be lost

1737343165726	geckodriver	INFO	Listening on 127.0.0.1:62523
1737343168763	mozrunner::runner	INFO	Running command: "C:\\Program Files\\Mozilla Firefox\\firefox.exe" "--marionette" "--remote-debugging-port" "62524" "--remote-allow-hosts" "localhost" "-no-remote" "-profile" "C:\\Users\\duran\\AppData\\Local\\Temp\\rust_mozprofiles4wzzh"
1737343169225	Marionette	INFO	Marionette enabled
WebDriver BiDi listening on ws://localhost:62524
console.warn: SearchSettings: "get: No settings file exists, new profile?" (new NotFoundError("Could not open the file at C:\\Users\\duran\\AppData\\Local\\Temp\\rust_mozprofiles4wzzh\\search.json.mozlz4", (void 0)))
1737343171683	Marionette	INFO	Listening on port 62554
DevTools listening on ws://localhost:62524/devtools/browser/b6cb734a-617c-489f-a9fa-5e481716f53b
Read port: 62554
1737343171739	RemoteAgent	WARN	TLS certificate errors will be ignored for this session
console.error: services.settings: 
  main/quicksuggest Signature failed  InvalidSignatureError: Invalid content signature (main/quicksuggest)
console.error: services.settings: 
  main/quicksuggest local data was corrupted
console.warn: services.settings: main/quicksuggest Signature verified failed. Retry from scratch
console.error: services.settings: 
  main/query-stripping Signature failed  InvalidSignatureError: Invalid content signature (main/query-stripping)
console.error: services.settings: 
  main/query-stripping local data was corrupted
console.warn: services.settings: main/query-stripping Signature verified failed. Retry from scratch
console.error: services.settings: 
  main/quicksuggest Signature failed again InvalidSignatureError: Invalid content signature (main/quicksuggest)
console.error: services.settings: 
  main/query-stripping Signature failed again InvalidSignatureError: Invalid content signature (main/query-stripping)
JavaScript warning: https://cdn.siftscience.com/s.js, line 26: WEBGL_debug_renderer_info is deprecated in Firefox and will be removed. Please use RENDERER.
1737343241783	Marionette	INFO	Stopped listening on port 62554

###!!! [Child][PContentChild] Error: Send(msgname=PContent::Msg_InsertNewFocusActionId) Closed channel: cannot send/recv


###!!! [Child][PContentChild] Error: Send(msgname=PContent::Msg_RemoveDynEntriesFromActiveSessionHistoryEntry) Closed channel: cannot send/recv


###!!! [Child][PContentChild] Error: Send(msgname=PContent::Msg_SynchronizeLayoutHistoryState) Closed channel: cannot send/recv


###!!! [Child][PContentChild] Error: Send(msgname=PContent::Msg_DiscardBrowsingContext) Closed channel: cannot send/recv


###!!! [Parent][PContentParent] Error: Send(msgname=PContent::Reply_DiscardBrowsingContext) Closed channel: cannot send/recv


###!!! [Parent][PContentParent] Error: Send(msgname=PContent::Reply_DiscardBrowsingContext) Closed channel: cannot send/recv


###!!! [Parent][PContentParent] Error: Send(msgname=PContent::Reply_DiscardBrowsingContext) Closed channel: cannot send/recv


###!!! [Parent][PContentParent] Error: Send(msgname=PContent::Reply_DiscardBrowsingContext) Closed channel: cannot send/recv


###!!! [Child][PContentChild] Error: RunMessage(msgname=PContent::Msg_DiscardBrowsingContext) Channel closing: too late to send/recv, messages will be lost


###!!! [Child][PContentChild] Error: RunMessage(msgname=PBrowserBridge::Msg___delete__) Channel closing: too late to send/recv, messages will be lost


###!!! [Child][PContentChild] Error: RunMessage(msgname=PContent::Msg_DiscardBrowsingContext) Channel closing: too late to send/recv, messages will be lost


###!!! [Child][PContentChild] Error: RunMessage(msgname=PContent::Msg_DiscardBrowsingContext) Channel closing: too late to send/recv, messages will be lost


###!!! [Child][PContentChild] Error: RunMessage(msgname=PContent::Msg_DiscardBrowsingContext) Channel closing: too late to send/recv, messages will be lost


###!!! [Child][PContentChild] Error: RunMessage(msgname=PContent::Reply_DiscardBrowsingContext) Channel closing: too late to send/recv, messages will be lost


###!!! [Child][PContentChild] Error: RunMessage(msgname=PHttpChannel::Msg_DeleteSelf) Channel closing: too late to send/recv, messages will be lost


###!!! [Child][PContentChild] Error: RunMessage(msgname=PHttpChannel::Msg_DeleteSelf) Channel closing: too late to send/recv, messages will be lost


###!!! [Parent][PContentParent] Error: Send(msgname=PContent::Msg_DestroyBrowsingContextGroup) Closed channel: cannot send/recv

JavaScript error: resource://gre/modules/Sqlite.jsm, line 1105: Error: Sqlite.jsm has been shutdown. Cannot open connection to: C:\Users\duran\AppData\Local\Temp\rust_mozprofiles4wzzh\protections.sqlite

###!!! [Parent][PGPUParent] Error: RunMessage(msgname=PGPU::Msg_ShutdownVR) Channel closing: too late to send/recv, messages will be lost

1737343436681	geckodriver	INFO	Listening on 127.0.0.1:62739
1737343439722	mozrunner::runner	INFO	Running command: "C:\\Program Files\\Mozilla Firefox\\firefox.exe" "--marionette" "--remote-debugging-port" "62740" "--remote-allow-hosts" "localhost" "-no-remote" "-profile" "C:\\Users\\duran\\AppData\\Local\\Temp\\rust_mozprofileziYn2q"
1737343440104	Marionette	INFO	Marionette enabled
WebDriver BiDi listening on ws://localhost:62740
console.warn: SearchSettings: "get: No settings file exists, new profile?" (new NotFoundError("Could not open the file at C:\\Users\\duran\\AppData\\Local\\Temp\\rust_mozprofileziYn2q\\search.json.mozlz4", (void 0)))
1737343442253	Marionette	INFO	Listening on port 62770
DevTools listening on ws://localhost:62740/devtools/browser/166ceed3-b192-4ece-b8d4-72afd511f3df
console.error: services.settings: 
  main/quicksuggest Signature failed  InvalidSignatureError: Invalid content signature (main/quicksuggest)
console.error: services.settings: 
  main/query-stripping Signature failed  InvalidSignatureError: Invalid content signature (main/query-stripping)
console.error: services.settings: 
  main/quicksuggest local data was corrupted
console.warn: services.settings: main/quicksuggest Signature verified failed. Retry from scratch
console.error: services.settings: 
  main/query-stripping local data was corrupted
console.warn: services.settings: main/query-stripping Signature verified failed. Retry from scratch
console.error: services.settings: 
  main/quicksuggest Signature failed again InvalidSignatureError: Invalid content signature (main/quicksuggest)
console.error: services.settings: 
  main/query-stripping Signature failed again InvalidSignatureError: Invalid content signature (main/query-stripping)
Read port: 62770
1737343442380	RemoteAgent	WARN	TLS certificate errors will be ignored for this session
JavaScript error: https://ir.ebaystatic.com/cr/v/c01/ac-011025213736.dweb-old.min.js, line 16: TypeError: e is undefined
JavaScript error: https://ir.ebaystatic.com/cr/v/c01/ac-011025213736.dweb-old.min.js, line 16: TypeError: e is undefined
console.warn: LoginRecipes: "getRecipes: falling back to a synchronous message for:" "https://www.ebay.com"
JavaScript warning: https://pagead2.googlesyndication.com/bg/jQN_tiOKdJuWkTnZn4oDsZoaZomZcjYfSwgPAXYkMcw.js line 2 > eval line 5696 > eval line 1 > eval line 1 > eval, line 1: WEBGL_debug_renderer_info is deprecated in Firefox and will be removed. Please use RENDERER.
JavaScript error: , line 0: TypeError: NetworkError when attempting to fetch resource.
1737343446230	Marionette	WARN	Ignoring event 'DOMContentLoaded' because document has an invalid readyState of 'complete'.
JavaScript error: https://ir.ebaystatic.com/cr/v/c01/radware_stormcaster_v23.js, line 8: TypeError: t is undefined
JavaScript warning: https://pagead2.googlesyndication.com/bg/jQN_tiOKdJuWkTnZn4oDsZoaZomZcjYfSwgPAXYkMcw.js line 2 > eval line 6920 > eval line 1 > eval line 1 > eval, line 1: WEBGL_debug_renderer_info is deprecated in Firefox and will be removed. Please use RENDERER.
1737343456392	Marionette	INFO	Stopped listening on port 62770
[Parent 23132, IPC I/O Parent] WARNING: file /builds/worker/checkouts/gecko/ipc/chromium/src/base/process_util_win.cc:167
[Parent 23132, IPC I/O Parent] WARNING: file /builds/worker/checkouts/gecko/ipc/chromium/src/base/process_util_win.cc:167

###!!! [Parent][PContentParent] Error: Send(msgname=PContent::Reply_DiscardBrowsingContext) Closed channel: cannot send/recv


###!!! [Child][PContentChild] Error: RunMessage(msgname=PContent::Msg_DiscardBrowsingContext) Channel closing: too late to send/recv, messages will be lost


###!!! [Child][PContentChild] Error: RunMessage(msgname=PContent::Reply_DiscardBrowsingContext) Channel closing: too late to send/recv, messages will be lost


###!!! [Child][PContentChild] Error: RunMessage(msgname=PHttpChannel::Msg_DeleteSelf) Channel closing: too late to send/recv, messages will be lost


###!!! [Child][PContentChild] Error: RunMessage(msgname=PHttpChannel::Msg_DeleteSelf) Channel closing: too late to send/recv, messages will be lost


###!!! [Child][PContentChild] Error: RunMessage(msgname=PHttpChannel::Msg_DeleteSelf) Channel closing: too late to send/recv, messages will be lost


###!!! [Parent][PContentParent] Error: Send(msgname=PContent::Msg_DestroyBrowsingContextGroup) Closed channel: cannot send/recv

1737343515908	geckodriver	INFO	Listening on 127.0.0.1:62922
1737343518926	mozrunner::runner	INFO	Running command: "C:\\Program Files\\Mozilla Firefox\\firefox.exe" "--marionette" "--remote-debugging-port" "62923" "--remote-allow-hosts" "localhost" "-no-remote" "-profile" "C:\\Users\\duran\\AppData\\Local\\Temp\\rust_mozprofileUh4mMq"
1737343519366	Marionette	INFO	Marionette enabled
WebDriver BiDi listening on ws://localhost:62923
console.warn: SearchSettings: "get: No settings file exists, new profile?" (new NotFoundError("Could not open the file at C:\\Users\\duran\\AppData\\Local\\Temp\\rust_mozprofileUh4mMq\\search.json.mozlz4", (void 0)))
1737343521935	Marionette	INFO	Listening on port 62955
DevTools listening on ws://localhost:62923/devtools/browser/c2f14871-5c15-4781-b468-877a16a4c29c
Read port: 62955
1737343522002	RemoteAgent	WARN	TLS certificate errors will be ignored for this session
console.error: services.settings: 
  main/quicksuggest Signature failed  InvalidSignatureError: Invalid content signature (main/quicksuggest)
console.error: services.settings: 
  main/quicksuggest local data was corrupted
console.warn: services.settings: main/quicksuggest Signature verified failed. Retry from scratch
console.error: services.settings: 
  main/query-stripping Signature failed  InvalidSignatureError: Invalid content signature (main/query-stripping)
console.error: services.settings: 
  main/query-stripping local data was corrupted
console.warn: services.settings: main/query-stripping Signature verified failed. Retry from scratch
console.error: services.settings: 
  main/quicksuggest Signature failed again InvalidSignatureError: Invalid content signature (main/quicksuggest)
console.error: services.settings: 
  main/query-stripping Signature failed again InvalidSignatureError: Invalid content signature (main/query-stripping)
JavaScript warning: https://pagead2.googlesyndication.com/bg/jQN_tiOKdJuWkTnZn4oDsZoaZomZcjYfSwgPAXYkMcw.js line 2 > eval line 1440 > eval line 1 > eval line 1 > eval, line 1: WEBGL_debug_renderer_info is deprecated in Firefox and will be removed. Please use RENDERER.
JavaScript error: https://ir.ebaystatic.com/cr/v/c01/radware_stormcaster_v23.js, line 8: TypeError: n.elementFromPoint(...) is null

###!!! [Child][PContentChild] Error: RunMessage(msgname=PContent::Reply_GetModulesTrust) Channel closing: too late to send/recv, messages will be lost

JavaScript error: https://ir.ebaystatic.com/cr/v/c01/ac-011025213736.dweb-old.min.js, line 16: TypeError: e is undefined
JavaScript error: https://ir.ebaystatic.com/cr/v/c01/ac-011025213736.dweb-old.min.js, line 16: TypeError: e is undefined
console.warn: LoginRecipes: "getRecipes: falling back to a synchronous message for:" "https://www.ebay.com"
JavaScript error: , line 0: TypeError: NetworkError when attempting to fetch resource.
1737343530527	Marionette	WARN	Ignoring event 'DOMContentLoaded' because document has an invalid readyState of 'complete'.
JavaScript error: https://ir.ebaystatic.com/cr/v/c01/radware_stormcaster_v23.js, line 8: TypeError: t is undefined
JavaScript error: https://ir.ebaystatic.com/cr/v/c01/radware_stormcaster_v23.js, line 8: TypeError: t is undefined
JavaScript warning: https://pagead2.googlesyndication.com/bg/jQN_tiOKdJuWkTnZn4oDsZoaZomZcjYfSwgPAXYkMcw.js line 2 > eval line 906 > eval line 1 > eval line 1 > eval, line 1: WEBGL_debug_renderer_info is deprecated in Firefox and will be removed. Please use RENDERER.
1737343540506	Marionette	INFO	Stopped listening on port 62955
JavaScript error: , line 0: TypeError: NetworkError when attempting to fetch resource.

###!!! [Parent][PContentParent] Error: Send(msgname=PContent::Reply_DiscardBrowsingContext) Closed channel: cannot send/recv


###!!! [Parent][PContentParent] Error: Send(msgname=PContent::Msg_DestroyBrowsingContextGroup) Closed channel: cannot send/recv


###!!! [Child][PContentChild] Error: RunMessage(msgname=PContent::Msg_DiscardBrowsingContext) Channel closing: too late to send/recv, messages will be lost


###!!! [Child][PContentChild] Error: RunMessage(msgname=PContent::Reply_DiscardBrowsingContext) Channel closing: too late to send/recv, messages will be lost


###!!! [Child][PContentChild] Error: RunMessage(msgname=PHttpChannel::Msg_DeleteSelf) Channel closing: too late to send/recv, messages will be lost


###!!! [Child][PContentChild] Error: RunMessage(msgname=PHttpChannel::Msg_DeleteSelf) Channel closing: too late to send/recv, messages will be lost

1737343552833	geckodriver	INFO	Listening on 127.0.0.1:63115
1737343555863	mozrunner::runner	INFO	Running command: "C:\\Program Files\\Mozilla Firefox\\firefox.exe" "--marionette" "--remote-debugging-port" "63116" "--remote-allow-hosts" "localhost" "-no-remote" "-profile" "C:\\Users\\duran\\AppData\\Local\\Temp\\rust_mozprofileENE2TV"
1737343556307	Marionette	INFO	Marionette enabled
WebDriver BiDi listening on ws://localhost:63116
console.warn: SearchSettings: "get: No settings file exists, new profile?" (new NotFoundError("Could not open the file at C:\\Users\\duran\\AppData\\Local\\Temp\\rust_mozprofileENE2TV\\search.json.mozlz4", (void 0)))
1737343558687	Marionette	INFO	Listening on port 63144
DevTools listening on ws://localhost:63116/devtools/browser/177b1194-7529-4712-a7ca-03149142303d
Read port: 63144
1737343558744	RemoteAgent	WARN	TLS certificate errors will be ignored for this session
console.error: services.settings: 
  main/quicksuggest Signature failed  InvalidSignatureError: Invalid content signature (main/quicksuggest)
console.error: services.settings: 
  main/query-stripping Signature failed  InvalidSignatureError: Invalid content signature (main/query-stripping)
console.error: services.settings: 
  main/quicksuggest local data was corrupted
console.warn: services.settings: main/quicksuggest Signature verified failed. Retry from scratch
console.error: services.settings: 
  main/query-stripping local data was corrupted
console.warn: services.settings: main/query-stripping Signature verified failed. Retry from scratch
console.error: services.settings: 
  main/query-stripping Signature failed again InvalidSignatureError: Invalid content signature (main/query-stripping)
console.error: services.settings: 
  main/quicksuggest Signature failed again InvalidSignatureError: Invalid content signature (main/quicksuggest)
JavaScript error: https://ir.ebaystatic.com/cr/v/c01/ac-011025213736.dweb-old.min.js, line 16: TypeError: e is undefined
console.warn: LoginRecipes: "getRecipes: falling back to a synchronous message for:" "https://www.ebay.com"
1737343562543	Marionette	WARN	Ignoring event 'DOMContentLoaded' because document has an invalid readyState of 'complete'.
JavaScript error: https://ir.ebaystatic.com/cr/v/c01/radware_stormcaster_v23.js, line 8: TypeError: t is undefined
JavaScript warning: https://pagead2.googlesyndication.com/bg/jQN_tiOKdJuWkTnZn4oDsZoaZomZcjYfSwgPAXYkMcw.js line 2 > eval line 2394 > eval line 1 > eval line 1 > eval, line 1: WEBGL_debug_renderer_info is deprecated in Firefox and will be removed. Please use RENDERER.

###!!! [Child][PContentChild] Error: RunMessage(msgname=PContent::Msg_CommitWindowContextTransaction) Channel closing: too late to send/recv, messages will be lost


###!!! [Child][PContentChild] Error: RunMessage(msgname=PContent::Msg_CommitBrowsingContextTransaction) Channel closing: too late to send/recv, messages will be lost


###!!! [Child][PContentChild] Error: RunMessage(msgname=PContent::Msg_CommitWindowContextTransaction) Channel closing: too late to send/recv, messages will be lost


###!!! [Child][PContentChild] Error: RunMessage(msgname=PContent::Msg_HistoryCommitIndexAndLength) Channel closing: too late to send/recv, messages will be lost


###!!! [Child][PContentChild] Error: RunMessage(msgname=PContent::Msg_CommitBrowsingContextTransaction) Channel closing: too late to send/recv, messages will be lost


###!!! [Child][PContentChild] Error: RunMessage(msgname=PContent::Msg_CommitBrowsingContextTransaction) Channel closing: too late to send/recv, messages will be lost


###!!! [Child][PContentChild] Error: RunMessage(msgname=PContent::Msg_CommitBrowsingContextTransaction) Channel closing: too late to send/recv, messages will be lost


###!!! [Child][PContentChild] Error: RunMessage(msgname=PContent::Msg_CreateBrowsingContext) Channel closing: too late to send/recv, messages will be lost


###!!! [Child][PContentChild] Error: RunMessage(msgname=PContent::Msg_CommitBrowsingContextTransaction) Channel closing: too late to send/recv, messages will be lost


###!!! [Child][PContentChild] Error: RunMessage(msgname=PContent::Msg_CommitBrowsingContextTransaction) Channel closing: too late to send/recv, messages will be lost


###!!! [Child][PContentChild] Error: RunMessage(msgname=PContent::Msg_CommitBrowsingContextTransaction) Channel closing: too late to send/recv, messages will be lost


###!!! [Child][PContentChild] Error: RunMessage(msgname=PContent::Msg_CommitBrowsingContextTransaction) Channel closing: too late to send/recv, messages will be lost


###!!! [Child][PContentChild] Error: RunMessage(msgname=PContent::Msg_CommitBrowsingContextTransaction) Channel closing: too late to send/recv, messages will be lost


###!!! [Child][PContentChild] Error: RunMessage(msgname=PContent::Msg_CreateWindowContext) Channel closing: too late to send/recv, messages will be lost


###!!! [Child][PContentChild] Error: RunMessage(msgname=PContent::Msg_CommitBrowsingContextTransaction) Channel closing: too late to send/recv, messages will be lost


###!!! [Child][PContentChild] Error: RunMessage(msgname=PContent::Msg_CommitWindowContextTransaction) Channel closing: too late to send/recv, messages will be lost


###!!! [Child][PContentChild] Error: RunMessage(msgname=PContent::Msg_CommitBrowsingContextTransaction) Channel closing: too late to send/recv, messages will be lost


###!!! [Child][PContentChild] Error: RunMessage(msgname=PContent::Msg_CommitBrowsingContextTransaction) Channel closing: too late to send/recv, messages will be lost


###!!! [Child][PContentChild] Error: RunMessage(msgname=PContent::Msg_CommitBrowsingContextTransaction) Channel closing: too late to send/recv, messages will be lost

1737343572859	Marionette	INFO	Stopped listening on port 63144
JavaScript error: , line 0: TypeError: NetworkError when attempting to fetch resource.

###!!! [Child][PContentChild] Error: RunMessage(msgname=PContent::Msg_DiscardWindowContext) Channel closing: too late to send/recv, messages will be lost


###!!! [Child][PContentChild] Error: RunMessage(msgname=PContent::Msg_DiscardWindowContext) Channel closing: too late to send/recv, messages will be lost


###!!! [Child][PContentChild] Error: RunMessage(msgname=PContent::Msg_DiscardWindowContext) Channel closing: too late to send/recv, messages will be lost


###!!! [Child][PContentChild] Error: RunMessage(msgname=PContent::Msg_AsyncMessage) Channel closing: too late to send/recv, messages will be lost


###!!! [Child][PContentChild] Error: RunMessage(msgname=PContent::Msg_AsyncMessage) Channel closing: too late to send/recv, messages will be lost


###!!! [Child][PContentChild] Error: RunMessage(msgname=PContent::Msg_AsyncMessage) Channel closing: too late to send/recv, messages will be lost


###!!! [Child][PContentChild] Error: RunMessage(msgname=PContent::Msg_DiscardWindowContext) Channel closing: too late to send/recv, messages will be lost


###!!! [Child][PContentChild] Error: RunMessage(msgname=PContent::Msg_DiscardWindowContext) Channel closing: too late to send/recv, messages will be lost

[Parent 21116, IPC I/O Parent] WARNING: file /builds/worker/checkouts/gecko/ipc/chromium/src/base/process_util_win.cc:167

###!!! [Parent][PContentParent] Error: Send(msgname=PContent::Reply_DiscardBrowsingContext) Closed channel: cannot send/recv


###!!! [Child][PContentChild] Error: Send(msgname=PHttpChannel::Msg_DeletingChannel) Channel closing: too late to send/recv, messages will be lost


###!!! [Child][PContentChild] Error: RunMessage(msgname=PHttpChannel::Msg_FailedAsyncOpen) Channel closing: too late to send/recv, messages will be lost


###!!! [Child][PContentChild] Error: RunMessage(msgname=PHttpChannel::Msg_FailedAsyncOpen) Channel closing: too late to send/recv, messages will be lost


###!!! [Child][PContentChild] Error: RunMessage(msgname=PHttpChannel::Msg_FailedAsyncOpen) Channel closing: too late to send/recv, messages will be lost


###!!! [Parent][PContentParent] Error: Send(msgname=PContent::Msg_DestroyBrowsingContextGroup) Closed channel: cannot send/recv


###!!! [Child][PContentChild] Error: RunMessage(msgname=PContent::Msg_DiscardBrowsingContext) Channel closing: too late to send/recv, messages will be lost


###!!! [Child][PContentChild] Error: RunMessage(msgname=PContent::Reply_DiscardBrowsingContext) Channel closing: too late to send/recv, messages will be lost


###!!! [Child][PContentChild] Error: RunMessage(msgname=PHttpChannel::Msg_DeleteSelf) Channel closing: too late to send/recv, messages will be lost


###!!! [Child][PContentChild] Error: RunMessage(msgname=PHttpChannel::Msg_DeleteSelf) Channel closing: too late to send/recv, messages will be lost


###!!! [Parent][PGPUParent] Error: RunMessage(msgname=PGPU::Msg_ShutdownVR) Channel closing: too late to send/recv, messages will be lost

1737345174246	geckodriver	INFO	Listening on 127.0.0.1:50245
1737345177297	mozrunner::runner	INFO	Running command: "C:\\Program Files\\Mozilla Firefox\\firefox.exe" "--marionette" "--remote-debugging-port" "50246" "--remote-allow-hosts" "localhost" "-no-remote" "-profile" "C:\\Users\\duran\\AppData\\Local\\Temp\\rust_mozprofile3j20GP"
1737345177627	Marionette	INFO	Marionette enabled
WebDriver BiDi listening on ws://localhost:50246
console.warn: SearchSettings: "get: No settings file exists, new profile?" (new NotFoundError("Could not open the file at C:\\Users\\duran\\AppData\\Local\\Temp\\rust_mozprofile3j20GP\\search.json.mozlz4", (void 0)))
1737345179506	Marionette	INFO	Listening on port 50275
DevTools listening on ws://localhost:50246/devtools/browser/9fb9acb6-6324-4059-b796-cfa71075db61
Read port: 50275
1737345179555	RemoteAgent	WARN	TLS certificate errors will be ignored for this session
console.error: services.settings: 
  main/query-stripping Signature failed  InvalidSignatureError: Invalid content signature (main/query-stripping)
console.error: services.settings: 
  main/query-stripping local data was corrupted
console.warn: services.settings: main/query-stripping Signature verified failed. Retry from scratch
console.error: services.settings: 
  main/quicksuggest Signature failed  InvalidSignatureError: Invalid content signature (main/quicksuggest)
console.error: services.settings: 
  main/quicksuggest local data was corrupted
console.warn: services.settings: main/quicksuggest Signature verified failed. Retry from scratch
console.error: services.settings: 
  main/query-stripping Signature failed again InvalidSignatureError: Invalid content signature (main/query-stripping)
console.error: services.settings: 
  main/quicksuggest Signature failed again InvalidSignatureError: Invalid content signature (main/quicksuggest)
JavaScript error: https://ir.ebaystatic.com/cr/v/c01/ac-011025213736.dweb-old.min.js, line 16: TypeError: e is undefined
console.warn: LoginRecipes: "getRecipes: falling back to a synchronous message for:" "https://www.ebay.com"
JavaScript error: https://ir.ebaystatic.com/cr/v/c01/radware_stormcaster_v23.js, line 8: TypeError: t is undefined
JavaScript warning: https://pagead2.googlesyndication.com/bg/jQN_tiOKdJuWkTnZn4oDsZoaZomZcjYfSwgPAXYkMcw.js line 2 > eval line 6606 > eval line 1 > eval line 1 > eval, line 1: WEBGL_debug_renderer_info is deprecated in Firefox and will be removed. Please use RENDERER.
1737345191808	Marionette	INFO	Stopped listening on port 50275
[Parent 14096, IPC I/O Parent] WARNING: file /builds/worker/checkouts/gecko/ipc/chromium/src/base/process_util_win.cc:167
[Parent 14096, IPC I/O Parent] WARNING: file /builds/worker/checkouts/gecko/ipc/chromium/src/base/process_util_win.cc:167

###!!! [Parent][PContentParent] Error: Send(msgname=PContent::Reply_DiscardBrowsingContext) Closed channel: cannot send/recv


###!!! [Child][PContentChild] Error: RunMessage(msgname=PContent::Msg_DiscardBrowsingContext) Channel closing: too late to send/recv, messages will be lost


###!!! [Child][PContentChild] Error: RunMessage(msgname=PContent::Reply_DiscardBrowsingContext) Channel closing: too late to send/recv, messages will be lost


###!!! [Child][PContentChild] Error: RunMessage(msgname=PHttpChannel::Msg_DeleteSelf) Channel closing: too late to send/recv, messages will be lost


###!!! [Child][PContentChild] Error: RunMessage(msgname=PHttpChannel::Msg_DeleteSelf) Channel closing: too late to send/recv, messages will be lost


###!!! [Parent][PContentParent] Error: Send(msgname=PContent::Msg_DestroyBrowsingContextGroup) Closed channel: cannot send/recv

